ERROR 2020-07-20T13:42:12.269 ..\..\qModMaster\src\modbusadapter.cpp @ 276 Read Data failed.  "Error : Response not from requested slave" 
ERROR 2020-07-20T13:42:13.272 ..\..\qModMaster\src\modbusadapter.cpp @ 276 Read Data failed.  "Error : Timeout" 
ERROR 2020-07-20T13:42:14.271 ..\..\qModMaster\src\modbusadapter.cpp @ 276 Read Data failed.  "Error : Timeout" 
ERROR 2020-07-20T13:42:15.271 ..\..\qModMaster\src\modbusadapter.cpp @ 276 Read Data failed.  "Error : Timeout" 
ERROR 2020-07-20T13:42:16.272 ..\..\qModMaster\src\modbusadapter.cpp @ 276 Read Data failed.  "Error : Timeout" 
ERROR 2020-07-20T13:42:17.272 ..\..\qModMaster\src\modbusadapter.cpp @ 276 Read Data failed.  "Error : Timeout" 
ERROR 2020-07-20T13:56:15.585 ..\..\qModMaster\src\modbusadapter.cpp @ 73 Connection failed. Could not connect to serial port 
ERROR 2020-07-20T13:56:29.829 ..\..\qModMaster\src\modbusadapter.cpp @ 276 Read Data failed.  "Error : Illegal data address" 
ERROR 2020-07-20T13:56:30.826 ..\..\qModMaster\src\modbusadapter.cpp @ 276 Read Data failed.  "Error : Illegal data address" 
ERROR 2020-07-20T13:56:31.828 ..\..\qModMaster\src\modbusadapter.cpp @ 276 Read Data failed.  "Error : Illegal data address" 
ERROR 2020-07-21T13:49:29.998 ..\..\qModMaster\src\modbusadapter.cpp @ 276 Read Data failed.  "Error : Timeout" 
ERROR 2020-07-21T13:49:30.997 ..\..\qModMaster\src\modbusadapter.cpp @ 276 Read Data failed.  "Error : Timeout" 
ERROR 2020-07-21T13:49:31.997 ..\..\qModMaster\src\modbusadapter.cpp @ 276 Read Data failed.  "Error : Timeout" 
ERROR 2020-07-21T13:49:32.999 ..\..\qModMaster\src\modbusadapter.cpp @ 276 Read Data failed.  "Error : Timeout" 
ERROR 2020-07-21T13:49:33.999 ..\..\qModMaster\src\modbusadapter.cpp @ 276 Read Data failed.  "Error : Timeout" 
ERROR 2020-07-21T13:49:34.999 ..\..\qModMaster\src\modbusadapter.cpp @ 276 Read Data failed.  "Error : Timeout" 
ERROR 2020-07-21T13:49:36.000 ..\..\qModMaster\src\modbusadapter.cpp @ 276 Read Data failed.  "Error : Timeout" 
ERROR 2020-07-21T13:50:01.895 ..\..\qModMaster\src\modbusadapter.cpp @ 276 Read Data failed.  "Error : Timeout" 
ERROR 2020-07-21T13:50:02.895 ..\..\qModMaster\src\modbusadapter.cpp @ 276 Read Data failed.  "Error : Timeout" 
ERROR 2020-07-21T13:50:03.890 ..\..\qModMaster\src\modbusadapter.cpp @ 276 Read Data failed.  "Error : Timeout" 
ERROR 2020-07-21T13:50:04.896 ..\..\qModMaster\src\modbusadapter.cpp @ 276 Read Data failed.  "Error : Timeout" 
 WARN 2020-07-21T13:50:18.999 ..\..\qModMaster\src\mainwindow.cpp @ 152 RTU settings changes rejected  
